TN:
SF:grok_agent.js
FN:4,(anonymous_0)
FN:14,(anonymous_1)
FN:21,(anonymous_2)
FN:22,(anonymous_3)
FN:23,(anonymous_4)
FN:40,(anonymous_5)
FN:47,(anonymous_6)
FN:64,(anonymous_7)
FN:70,(anonymous_8)
FN:90,(anonymous_9)
FN:109,(anonymous_10)
FN:130,(anonymous_11)
FN:137,(anonymous_12)
FN:142,(anonymous_13)
FN:147,(anonymous_14)
FN:157,(anonymous_15)
FN:191,(anonymous_16)
FN:196,(anonymous_17)
FN:201,(anonymous_18)
FN:211,(anonymous_19)
FN:262,(anonymous_20)
FN:267,(anonymous_21)
FN:270,(anonymous_22)
FN:282,(anonymous_23)
FN:290,(anonymous_24)
FNF:25
FNH:0
FNDA:0,(anonymous_0)
FNDA:0,(anonymous_1)
FNDA:0,(anonymous_2)
FNDA:0,(anonymous_3)
FNDA:0,(anonymous_4)
FNDA:0,(anonymous_5)
FNDA:0,(anonymous_6)
FNDA:0,(anonymous_7)
FNDA:0,(anonymous_8)
FNDA:0,(anonymous_9)
FNDA:0,(anonymous_10)
FNDA:0,(anonymous_11)
FNDA:0,(anonymous_12)
FNDA:0,(anonymous_13)
FNDA:0,(anonymous_14)
FNDA:0,(anonymous_15)
FNDA:0,(anonymous_16)
FNDA:0,(anonymous_17)
FNDA:0,(anonymous_18)
FNDA:0,(anonymous_19)
FNDA:0,(anonymous_20)
FNDA:0,(anonymous_21)
FNDA:0,(anonymous_22)
FNDA:0,(anonymous_23)
FNDA:0,(anonymous_24)
DA:5,0
DA:6,0
DA:11,0
DA:15,0
DA:16,0
DA:18,0
DA:21,0
DA:22,0
DA:23,0
DA:24,0
DA:28,0
DA:29,0
DA:30,0
DA:32,0
DA:33,0
DA:34,0
DA:36,0
DA:41,0
DA:42,0
DA:43,0
DA:48,0
DA:49,0
DA:51,0
DA:52,0
DA:55,0
DA:58,0
DA:61,0
DA:65,0
DA:68,0
DA:70,0
DA:72,0
DA:73,0
DA:74,0
DA:78,0
DA:79,0
DA:80,0
DA:81,0
DA:82,0
DA:83,0
DA:85,0
DA:91,0
DA:92,0
DA:94,0
DA:95,0
DA:96,0
DA:105,0
DA:106,0
DA:110,0
DA:111,0
DA:113,0
DA:114,0
DA:115,0
DA:117,0
DA:126,0
DA:127,0
DA:131,0
DA:132,0
DA:133,0
DA:138,0
DA:140,0
DA:141,0
DA:142,0
DA:145,0
DA:146,0
DA:147,0
DA:150,0
DA:151,0
DA:153,0
DA:158,0
DA:160,0
DA:161,0
DA:162,0
DA:163,0
DA:164,0
DA:168,0
DA:169,0
DA:170,0
DA:174,0
DA:175,0
DA:178,0
DA:180,0
DA:182,0
DA:185,0
DA:186,0
DA:192,0
DA:194,0
DA:195,0
DA:196,0
DA:199,0
DA:200,0
DA:201,0
DA:204,0
DA:205,0
DA:207,0
DA:212,0
DA:214,0
DA:215,0
DA:217,0
DA:218,0
DA:219,0
DA:220,0
DA:221,0
DA:222,0
DA:223,0
DA:224,0
DA:225,0
DA:226,0
DA:229,0
DA:230,0
DA:231,0
DA:232,0
DA:233,0
DA:234,0
DA:238,0
DA:239,0
DA:240,0
DA:241,0
DA:245,0
DA:246,0
DA:249,0
DA:251,0
DA:253,0
DA:256,0
DA:257,0
DA:263,0
DA:265,0
DA:266,0
DA:267,0
DA:268,0
DA:270,0
DA:275,0
DA:276,0
DA:278,0
DA:283,0
DA:285,0
DA:287,0
DA:290,0
DA:291,0
DA:292,0
DA:295,0
DA:298,0
DA:299,0
DA:305,0
LF:143
LH:0
BRDA:18,0,0,0
BRDA:18,0,1,0
BRDA:24,1,0,0
BRDA:24,1,1,0
BRDA:42,2,0,0
BRDA:42,2,1,0
BRDA:49,3,0,0
BRDA:49,3,1,0
BRDA:52,4,0,0
BRDA:52,4,1,0
BRDA:73,5,0,0
BRDA:73,5,1,0
BRDA:73,6,0,0
BRDA:73,6,1,0
BRDA:73,6,2,0
BRDA:78,7,0,0
BRDA:78,7,1,0
BRDA:78,8,0,0
BRDA:78,8,1,0
BRDA:78,8,2,0
BRDA:80,9,0,0
BRDA:80,9,1,0
BRDA:80,10,0,0
BRDA:80,10,1,0
BRDA:80,10,2,0
BRDA:82,11,0,0
BRDA:82,11,1,0
BRDA:82,12,0,0
BRDA:82,12,1,0
BRDA:82,12,2,0
BRDA:92,13,0,0
BRDA:92,13,1,0
BRDA:109,14,0,0
BRDA:111,15,0,0
BRDA:111,15,1,0
BRDA:115,16,0,0
BRDA:115,16,1,0
BRDA:141,17,0,0
BRDA:141,17,1,0
BRDA:146,18,0,0
BRDA:146,18,1,0
BRDA:161,19,0,0
BRDA:161,19,1,0
BRDA:161,20,0,0
BRDA:161,20,1,0
BRDA:163,21,0,0
BRDA:163,21,1,0
BRDA:163,22,0,0
BRDA:163,22,1,0
BRDA:163,22,2,0
BRDA:169,23,0,0
BRDA:169,23,1,0
BRDA:174,24,0,0
BRDA:174,24,1,0
BRDA:195,25,0,0
BRDA:195,25,1,0
BRDA:200,26,0,0
BRDA:200,26,1,0
BRDA:214,27,0,0
BRDA:214,27,1,0
BRDA:215,28,0,0
BRDA:215,28,1,0
BRDA:217,29,0,0
BRDA:217,29,1,0
BRDA:217,30,0,0
BRDA:217,30,1,0
BRDA:219,31,0,0
BRDA:219,31,1,0
BRDA:219,32,0,0
BRDA:219,32,1,0
BRDA:221,33,0,0
BRDA:221,33,1,0
BRDA:223,34,0,0
BRDA:223,34,1,0
BRDA:225,35,0,0
BRDA:225,35,1,0
BRDA:225,36,0,0
BRDA:225,36,1,0
BRDA:229,37,0,0
BRDA:229,37,1,0
BRDA:231,38,0,0
BRDA:231,38,1,0
BRDA:233,39,0,0
BRDA:233,39,1,0
BRDA:238,40,0,0
BRDA:238,40,1,0
BRDA:238,41,0,0
BRDA:238,41,1,0
BRDA:245,42,0,0
BRDA:245,42,1,0
BRDA:266,43,0,0
BRDA:266,43,1,0
BRDA:268,44,0,0
BRDA:268,44,1,0
BRDA:285,45,0,0
BRDA:285,45,1,0
BRF:96
BRH:0
end_of_record
TN:
SF:grok_assistant.js
FN:5,(anonymous_0)
FN:9,(anonymous_1)
FN:24,(anonymous_2)
FN:33,(anonymous_3)
FN:38,(anonymous_4)
FN:43,(anonymous_5)
FN:58,(anonymous_6)
FN:85,(anonymous_7)
FN:89,(anonymous_8)
FN:93,(anonymous_9)
FN:109,(anonymous_10)
FN:125,(anonymous_11)
FN:139,(anonymous_12)
FN:154,(anonymous_13)
FN:167,(anonymous_14)
FN:182,(anonymous_15)
FN:192,(anonymous_16)
FN:212,(anonymous_17)
FNF:18
FNH:0
FNDA:0,(anonymous_0)
FNDA:0,(anonymous_1)
FNDA:0,(anonymous_2)
FNDA:0,(anonymous_3)
FNDA:0,(anonymous_4)
FNDA:0,(anonymous_5)
FNDA:0,(anonymous_6)
FNDA:0,(anonymous_7)
FNDA:0,(anonymous_8)
FNDA:0,(anonymous_9)
FNDA:0,(anonymous_10)
FNDA:0,(anonymous_11)
FNDA:0,(anonymous_12)
FNDA:0,(anonymous_13)
FNDA:0,(anonymous_14)
FNDA:0,(anonymous_15)
FNDA:0,(anonymous_16)
FNDA:0,(anonymous_17)
DA:6,0
DA:10,0
DA:11,0
DA:13,0
DA:14,0
DA:17,0
DA:18,0
DA:20,0
DA:25,0
DA:26,0
DA:28,0
DA:34,0
DA:39,0
DA:44,0
DA:45,0
DA:48,0
DA:51,0
DA:54,0
DA:59,0
DA:60,0
DA:62,0
DA:71,0
DA:74,0
DA:77,0
DA:86,0
DA:87,0
DA:89,0
DA:90,0
DA:91,0
DA:92,0
DA:93,0
DA:94,0
DA:95,0
DA:98,0
DA:102,0
DA:103,0
DA:104,0
DA:111,0
DA:112,0
DA:113,0
DA:122,0
DA:123,0
DA:125,0
DA:126,0
DA:128,0
DA:129,0
DA:133,0
DA:136,0
DA:139,0
DA:140,0
DA:143,0
DA:145,0
DA:146,0
DA:148,0
DA:156,0
DA:159,0
DA:167,0
DA:168,0
DA:169,0
DA:170,0
DA:171,0
DA:173,0
DA:177,0
DA:182,0
DA:183,0
DA:185,0
DA:192,0
DA:193,0
DA:204,0
DA:210,0
DA:212,0
DA:213,0
LF:72
LH:0
BRDA:13,0,0,0
BRDA:13,0,1,0
BRDA:13,1,0,0
BRDA:13,1,1,0
BRDA:25,2,0,0
BRDA:25,2,1,0
BRDA:45,3,0,0
BRDA:45,3,1,0
BRDA:58,4,0,0
BRDA:64,5,0,0
BRDA:64,5,1,0
BRDA:103,6,0,0
BRDA:103,6,1,0
BRDA:128,7,0,0
BRDA:128,7,1,0
BRDA:145,8,0,0
BRDA:145,8,1,0
BRDA:156,9,0,0
BRDA:156,9,1,0
BRDA:167,10,0,0
BRDA:167,10,1,0
BRDA:169,11,0,0
BRDA:169,11,1,0
BRDA:170,12,0,0
BRDA:170,12,1,0
BRDA:171,13,0,0
BRDA:171,13,1,0
BRDA:182,14,0,0
BRDA:182,14,1,0
BRDA:183,15,0,0
BRDA:183,15,1,0
BRDA:192,16,0,0
BRDA:192,16,1,0
BRF:33
BRH:0
end_of_record
TN:
SF:script.js
FN:38,(anonymous_0)
FN:43,(anonymous_1)
FN:44,(anonymous_2)
FN:76,(anonymous_3)
FN:77,(anonymous_4)
FN:89,navigateToPage
FN:116,(anonymous_6)
FN:136,initializePageContent
FN:173,editProfile
FN:189,editWorkoutPlan
FN:200,regenerateWorkoutPlan
FN:204,closeModal
FN:209,(anonymous_12)
FN:216,updateProgressChart
FN:224,(anonymous_14)
FN:231,updateProfileDisplay
FN:259,(anonymous_16)
FN:345,searchFood
FN:348,(anonymous_18)
FN:354,showFoodSearch
FN:371,(anonymous_20)
FN:387,displaySearchResults
FN:393,(anonymous_22)
FN:400,(anonymous_23)
FN:405,logFood
FN:419,loadDailyLog
FN:475,scanBarcode
FN:484,(anonymous_27)
FN:489,(anonymous_28)
FN:502,createProgressRing
FN:528,updateNutritionDisplay
FN:534,(anonymous_31)
FN:536,(anonymous_32)
FN:578,(anonymous_33)
FN:580,(anonymous_34)
FN:612,(anonymous_35)
FN:617,(anonymous_36)
FN:633,(anonymous_37)
FN:641,(anonymous_38)
FN:742,(anonymous_39)
FN:774,(anonymous_40)
FN:828,(anonymous_41)
FN:837,(anonymous_42)
FN:841,(anonymous_43)
FN:842,(anonymous_44)
FN:856,(anonymous_45)
FN:861,(anonymous_46)
FN:871,(anonymous_47)
FN:959,saveGoals
FN:1032,updatePlansBasedOnAI
FN:1045,calculateWorkoutIntensity
FN:1059,calculateOptimalRestDays
FN:1067,calculateWeeklyCalorieTarget
FN:1073,(anonymous_53)
FN:1088,generateActivityPlan
FN:1154,(anonymous_55)
FN:1169,(anonymous_56)
FN:1179,(anonymous_57)
FN:1180,(anonymous_58)
FN:1192,(anonymous_59)
FN:1193,(anonymous_60)
FN:1205,(anonymous_61)
FN:1206,(anonymous_62)
FN:1222,(anonymous_63)
FN:1226,showPremiumFeatures
FN:1297,closePremiumModal
FN:1305,(anonymous_66)
FN:1308,(anonymous_67)
FN:1309,(anonymous_68)
FN:1320,(anonymous_69)
FN:1321,(anonymous_70)
FN:1329,(anonymous_71)
FN:1338,(anonymous_72)
FN:1349,(anonymous_73)
FN:1355,(anonymous_74)
FN:1361,generateWorkoutDays
FN:1362,(anonymous_76)
FN:1366,getRandomExercises
FN:1367,(anonymous_78)
FN:1676,generateMealPlan
FN:1954,updateShoppingList
FN:2015,(anonymous_81)
FN:2107,(anonymous_82)
FN:2109,(anonymous_83)
FN:2112,(anonymous_84)
FN:2157,(anonymous_85)
FN:2202,(anonymous_86)
FN:2216,(anonymous_87)
FN:2219,(anonymous_88)
FN:2230,(anonymous_89)
FN:2331,(anonymous_90)
FN:2340,(anonymous_91)
FN:2354,(anonymous_92)
FN:2361,(anonymous_93)
FN:2415,(anonymous_94)
FN:2441,(anonymous_95)
FN:2457,(anonymous_96)
FN:2494,(anonymous_97)
FN:2504,(anonymous_98)
FN:2505,(anonymous_99)
FN:2515,(anonymous_100)
FN:2516,(anonymous_101)
FNF:102
FNH:0
FNDA:0,(anonymous_0)
FNDA:0,(anonymous_1)
FNDA:0,(anonymous_2)
FNDA:0,(anonymous_3)
FNDA:0,(anonymous_4)
FNDA:0,navigateToPage
FNDA:0,(anonymous_6)
FNDA:0,initializePageContent
FNDA:0,editProfile
FNDA:0,editWorkoutPlan
FNDA:0,regenerateWorkoutPlan
FNDA:0,closeModal
FNDA:0,(anonymous_12)
FNDA:0,updateProgressChart
FNDA:0,(anonymous_14)
FNDA:0,updateProfileDisplay
FNDA:0,(anonymous_16)
FNDA:0,searchFood
FNDA:0,(anonymous_18)
FNDA:0,showFoodSearch
FNDA:0,(anonymous_20)
FNDA:0,displaySearchResults
FNDA:0,(anonymous_22)
FNDA:0,(anonymous_23)
FNDA:0,logFood
FNDA:0,loadDailyLog
FNDA:0,scanBarcode
FNDA:0,(anonymous_27)
FNDA:0,(anonymous_28)
FNDA:0,createProgressRing
FNDA:0,updateNutritionDisplay
FNDA:0,(anonymous_31)
FNDA:0,(anonymous_32)
FNDA:0,(anonymous_33)
FNDA:0,(anonymous_34)
FNDA:0,(anonymous_35)
FNDA:0,(anonymous_36)
FNDA:0,(anonymous_37)
FNDA:0,(anonymous_38)
FNDA:0,(anonymous_39)
FNDA:0,(anonymous_40)
FNDA:0,(anonymous_41)
FNDA:0,(anonymous_42)
FNDA:0,(anonymous_43)
FNDA:0,(anonymous_44)
FNDA:0,(anonymous_45)
FNDA:0,(anonymous_46)
FNDA:0,(anonymous_47)
FNDA:0,saveGoals
FNDA:0,updatePlansBasedOnAI
FNDA:0,calculateWorkoutIntensity
FNDA:0,calculateOptimalRestDays
FNDA:0,calculateWeeklyCalorieTarget
FNDA:0,(anonymous_53)
FNDA:0,generateActivityPlan
FNDA:0,(anonymous_55)
FNDA:0,(anonymous_56)
FNDA:0,(anonymous_57)
FNDA:0,(anonymous_58)
FNDA:0,(anonymous_59)
FNDA:0,(anonymous_60)
FNDA:0,(anonymous_61)
FNDA:0,(anonymous_62)
FNDA:0,(anonymous_63)
FNDA:0,showPremiumFeatures
FNDA:0,closePremiumModal
FNDA:0,(anonymous_66)
FNDA:0,(anonymous_67)
FNDA:0,(anonymous_68)
FNDA:0,(anonymous_69)
FNDA:0,(anonymous_70)
FNDA:0,(anonymous_71)
FNDA:0,(anonymous_72)
FNDA:0,(anonymous_73)
FNDA:0,(anonymous_74)
FNDA:0,generateWorkoutDays
FNDA:0,(anonymous_76)
FNDA:0,getRandomExercises
FNDA:0,(anonymous_78)
FNDA:0,generateMealPlan
FNDA:0,updateShoppingList
FNDA:0,(anonymous_81)
FNDA:0,(anonymous_82)
FNDA:0,(anonymous_83)
FNDA:0,(anonymous_84)
FNDA:0,(anonymous_85)
FNDA:0,(anonymous_86)
FNDA:0,(anonymous_87)
FNDA:0,(anonymous_88)
FNDA:0,(anonymous_89)
FNDA:0,(anonymous_90)
FNDA:0,(anonymous_91)
FNDA:0,(anonymous_92)
FNDA:0,(anonymous_93)
FNDA:0,(anonymous_94)
FNDA:0,(anonymous_95)
FNDA:0,(anonymous_96)
FNDA:0,(anonymous_97)
FNDA:0,(anonymous_98)
FNDA:0,(anonymous_99)
FNDA:0,(anonymous_100)
FNDA:0,(anonymous_101)
DA:2,0
DA:3,0
DA:4,0
DA:24,0
DA:25,0
DA:38,0
DA:39,0
DA:42,0
DA:43,0
DA:44,0
DA:45,0
DA:46,0
DA:49,0
DA:50,0
DA:53,0
DA:54,0
DA:55,0
DA:56,0
DA:57,0
DA:61,0
DA:62,0
DA:64,0
DA:65,0
DA:66,0
DA:68,0
DA:75,0
DA:76,0
DA:77,0
DA:78,0
DA:79,0
DA:80,0
DA:81,0
DA:82,0
DA:90,0
DA:93,0
DA:94,0
DA:95,0
DA:96,0
DA:100,0
DA:101,0
DA:102,0
DA:106,0
DA:107,0
DA:108,0
DA:109,0
DA:110,0
DA:111,0
DA:116,0
DA:117,0
DA:118,0
DA:122,0
DA:123,0
DA:124,0
DA:125,0
DA:127,0
DA:129,0
DA:131,0
DA:137,0
DA:139,0
DA:140,0
DA:141,0
DA:142,0
DA:143,0
DA:145,0
DA:146,0
DA:147,0
DA:148,0
DA:151,0
DA:152,0
DA:153,0
DA:155,0
DA:157,0
DA:158,0
DA:159,0
DA:161,0
DA:162,0
DA:165,0
DA:168,0
DA:175,0
DA:176,0
DA:177,0
DA:178,0
DA:179,0
DA:180,0
DA:181,0
DA:182,0
DA:183,0
DA:184,0
DA:186,0
DA:190,0
DA:191,0
DA:192,0
DA:193,0
DA:194,0
DA:195,0
DA:197,0
DA:201,0
DA:205,0
DA:209,0
DA:210,0
DA:211,0
DA:212,0
DA:217,0
DA:218,0
DA:224,0
DA:232,0
DA:233,0
DA:234,0
DA:237,0
DA:238,0
DA:239,0
DA:242,0
DA:243,0
DA:244,0
DA:248,0
DA:249,0
DA:250,0
DA:251,0
DA:252,0
DA:253,0
DA:258,0
DA:259,0
DA:260,0
DA:261,0
DA:266,0
DA:267,0
DA:268,0
DA:271,0
DA:272,0
DA:273,0
DA:276,0
DA:277,0
DA:278,0
DA:283,0
DA:284,0
DA:285,0
DA:289,0
DA:290,0
DA:293,0
DA:294,0
DA:295,0
DA:298,0
DA:299,0
DA:300,0
DA:303,0
DA:304,0
DA:305,0
DA:310,0
DA:312,0
DA:316,0
DA:322,0
DA:323,0
DA:324,0
DA:325,0
DA:329,0
DA:347,0
DA:348,0
DA:349,0
DA:351,0
DA:355,0
DA:356,0
DA:357,0
DA:358,0
DA:362,0
DA:365,0
DA:366,0
DA:367,0
DA:368,0
DA:371,0
DA:372,0
DA:373,0
DA:378,0
DA:381,0
DA:382,0
DA:383,0
DA:384,0
DA:388,0
DA:389,0
DA:390,0
DA:391,0
DA:393,0
DA:394,0
DA:395,0
DA:396,0
DA:400,0
DA:401,0
DA:406,0
DA:416,0
DA:420,0
DA:424,0
DA:425,0
DA:426,0
DA:427,0
DA:428,0
DA:429,0
DA:431,0
DA:433,0
DA:434,0
DA:447,0
DA:452,0
DA:453,0
DA:455,0
DA:458,0
DA:460,0
DA:462,0
DA:476,0
DA:477,0
DA:478,0
DA:479,0
DA:481,0
DA:482,0
DA:484,0
DA:485,0
DA:486,0
DA:487,0
DA:488,0
DA:489,0
DA:491,0
DA:495,0
DA:497,0
DA:498,0
DA:503,0
DA:504,0
DA:505,0
DA:507,0
DA:529,0
DA:530,0
DA:533,0
DA:534,0
DA:535,0
DA:536,0
DA:537,0
DA:538,0
DA:539,0
DA:540,0
DA:547,0
DA:548,0
DA:549,0
DA:550,0
DA:557,0
DA:558,0
DA:559,0
DA:560,0
DA:577,0
DA:578,0
DA:579,0
DA:580,0
DA:586,0
DA:593,0
DA:594,0
DA:595,0
DA:597,0
DA:598,0
DA:601,0
DA:602,0
DA:605,0
DA:606,0
DA:612,0
DA:613,0
DA:616,0
DA:617,0
DA:618,0
DA:619,0
DA:623,0
DA:624,0
DA:625,0
DA:626,0
DA:627,0
DA:630,0
DA:633,0
DA:634,0
DA:635,0
DA:636,0
DA:641,0
DA:642,0
DA:643,0
DA:644,0
DA:646,0
DA:647,0
DA:648,0
DA:650,0
DA:651,0
DA:652,0
DA:658,0
DA:659,0
DA:660,0
DA:661,0
DA:662,0
DA:666,0
DA:667,0
DA:668,0
DA:669,0
DA:671,0
DA:672,0
DA:673,0
DA:675,0
DA:680,0
DA:681,0
DA:682,0
DA:685,0
DA:686,0
DA:687,0
DA:702,0
DA:704,0
DA:705,0
DA:706,0
DA:713,0
DA:714,0
DA:718,0
DA:720,0
DA:721,0
DA:722,0
DA:729,0
DA:733,0
DA:734,0
DA:736,0
DA:741,0
DA:742,0
DA:743,0
DA:744,0
DA:745,0
DA:749,0
DA:750,0
DA:753,0
DA:754,0
DA:772,0
DA:773,0
DA:774,0
DA:775,0
DA:781,0
DA:783,0
DA:784,0
DA:787,0
DA:788,0
DA:798,0
DA:800,0
DA:801,0
DA:802,0
DA:803,0
DA:805,0
DA:806,0
DA:807,0
DA:808,0
DA:821,0
DA:823,0
DA:824,0
DA:828,0
DA:829,0
DA:830,0
DA:831,0
DA:837,0
DA:838,0
DA:841,0
DA:842,0
DA:843,0
DA:844,0
DA:845,0
DA:846,0
DA:847,0
DA:853,0
DA:854,0
DA:855,0
DA:856,0
DA:857,0
DA:861,0
DA:862,0
DA:863,0
DA:869,0
DA:870,0
DA:871,0
DA:872,0
DA:873,0
DA:878,0
DA:879,0
DA:880,0
DA:883,0
DA:886,0
DA:887,0
DA:889,0
DA:893,0
DA:897,0
DA:950,0
DA:952,0
DA:960,0
DA:961,0
DA:962,0
DA:963,0
DA:964,0
DA:965,0
DA:966,0
DA:967,0
DA:968,0
DA:969,0
DA:970,0
DA:973,0
DA:975,0
DA:976,0
DA:980,0
DA:981,0
DA:983,0
DA:984,0
DA:985,0
DA:988,0
DA:989,0
DA:990,0
DA:994,0
DA:995,0
DA:996,0
DA:1010,0
DA:1013,0
DA:1016,0
DA:1017,0
DA:1018,0
DA:1020,0
DA:1023,0
DA:1024,0
DA:1025,0
DA:1027,0
DA:1028,0
DA:1033,0
DA:1034,0
DA:1036,0
DA:1037,0
DA:1039,0
DA:1041,0
DA:1046,0
DA:1052,0
DA:1060,0
DA:1068,0
DA:1072,0
DA:1073,0
DA:1074,0
DA:1080,0
DA:1089,0
DA:1091,0
DA:1093,0
DA:1094,0
DA:1096,0
DA:1097,0
DA:1098,0
DA:1102,0
DA:1103,0
DA:1104,0
DA:1114,0
DA:1115,0
DA:1116,0
DA:1118,0
DA:1119,0
DA:1120,0
DA:1121,0
DA:1122,0
DA:1125,0
DA:1126,0
DA:1127,0
DA:1128,0
DA:1130,0
DA:1131,0
DA:1134,0
DA:1135,0
DA:1136,0
DA:1139,0
DA:1141,0
DA:1151,0
DA:1154,0
DA:1164,0
DA:1169,0
DA:1170,0
DA:1171,0
DA:1172,0
DA:1174,0
DA:1178,0
DA:1179,0
DA:1180,0
DA:1181,0
DA:1182,0
DA:1183,0
DA:1184,0
DA:1185,0
DA:1191,0
DA:1192,0
DA:1193,0
DA:1194,0
DA:1195,0
DA:1196,0
DA:1197,0
DA:1198,0
DA:1204,0
DA:1205,0
DA:1206,0
DA:1207,0
DA:1208,0
DA:1209,0
DA:1210,0
DA:1211,0
DA:1217,0
DA:1220,0
DA:1221,0
DA:1222,0
DA:1223,0
DA:1228,0
DA:1229,0
DA:1230,0
DA:1231,0
DA:1233,0
DA:1291,0
DA:1294,0
DA:1298,0
DA:1299,0
DA:1300,0
DA:1305,0
DA:1307,0
DA:1308,0
DA:1309,0
DA:1310,0
DA:1319,0
DA:1320,0
DA:1321,0
DA:1322,0
DA:1327,0
DA:1328,0
DA:1329,0
DA:1330,0
DA:1331,0
DA:1336,0
DA:1337,0
DA:1338,0
DA:1339,0
DA:1344,0
DA:1345,0
DA:1346,0
DA:1348,0
DA:1349,0
DA:1350,0
DA:1354,0
DA:1355,0
DA:1356,0
DA:1362,0
DA:1363,0
DA:1367,0
DA:1368,0
DA:1372,0
DA:1393,0
DA:1677,0
DA:1678,0
DA:1679,0
DA:1682,0
DA:1683,0
DA:1684,0
DA:1685,0
DA:1689,0
DA:1690,0
DA:1691,0
DA:1706,0
DA:1709,0
DA:1710,0
DA:1711,0
DA:1716,0
DA:1717,0
DA:1718,0
DA:1719,0
DA:1723,0
DA:1724,0
DA:1725,0
DA:1729,0
DA:1730,0
DA:1731,0
DA:1732,0
DA:1736,0
DA:1737,0
DA:1740,0
DA:1742,0
DA:1744,0
DA:1746,0
DA:1747,0
DA:1753,0
DA:1754,0
DA:1763,0
DA:1764,0
DA:1765,0
DA:1766,0
DA:1767,0
DA:1769,0
DA:1770,0
DA:1771,0
DA:1772,0
DA:1777,0
DA:1785,0
DA:1786,0
DA:1787,0
DA:1788,0
DA:1794,0
DA:1798,0
DA:1799,0
DA:1802,0
DA:1808,0
DA:1811,0
DA:1812,0
DA:1818,0
DA:1821,0
DA:1829,0
DA:1833,0
DA:1835,0
DA:1842,0
DA:1845,0
DA:1846,0
DA:1847,0
DA:1848,0
DA:1850,0
DA:1851,0
DA:1852,0
DA:1853,0
DA:1856,0
DA:1857,0
DA:1859,0
DA:1860,0
DA:1863,0
DA:1864,0
DA:1867,0
DA:1869,0
DA:1870,0
DA:1871,0
DA:1872,0
DA:1932,0
DA:1933,0
DA:1934,0
DA:1935,0
DA:1937,0
DA:1938,0
DA:1939,0
DA:1940,0
DA:1942,0
DA:1943,0
DA:1945,0
DA:1946,0
DA:1955,0
DA:1956,0
DA:1959,0
DA:1960,0
DA:1961,0
DA:1962,0
DA:1966,0
DA:1967,0
DA:1968,0
DA:1969,0
DA:1970,0
DA:1971,0
DA:1973,0
DA:1976,0
DA:1977,0
DA:2013,0
DA:2014,0
DA:2015,0
DA:2016,0
DA:2017,0
DA:2023,0
DA:2026,0
DA:2027,0
DA:2028,0
DA:2029,0
DA:2038,0
DA:2039,0
DA:2040,0
DA:2041,0
DA:2046,0
DA:2049,0
DA:2051,0
DA:2056,0
DA:2059,0
DA:2060,0
DA:2102,0
DA:2103,0
DA:2104,0
DA:2107,0
DA:2108,0
DA:2109,0
DA:2110,0
DA:2112,0
DA:2113,0
DA:2114,0
DA:2116,0
DA:2118,0
DA:2121,0
DA:2132,0
DA:2133,0
DA:2135,0
DA:2136,0
DA:2137,0
DA:2138,0
DA:2140,0
DA:2141,0
DA:2142,0
DA:2143,0
DA:2146,0
DA:2148,0
DA:2157,0
DA:2158,0
DA:2161,0
DA:2162,0
DA:2163,0
DA:2165,0
DA:2166,0
DA:2168,0
DA:2179,0
DA:2194,0
DA:2202,0
DA:2203,0
DA:2204,0
DA:2216,0
DA:2219,0
DA:2220,0
DA:2222,0
DA:2223,0
DA:2224,0
DA:2230,0
DA:2232,0
DA:2233,0
DA:2236,0
DA:2237,0
DA:2238,0
DA:2239,0
DA:2243,0
DA:2245,0
DA:2261,0
DA:2262,0
DA:2277,0
DA:2278,0
DA:2281,0
DA:2282,0
DA:2286,0
DA:2287,0
DA:2288,0
DA:2291,0
DA:2292,0
DA:2293,0
DA:2297,0
DA:2304,0
DA:2305,0
DA:2306,0
DA:2307,0
DA:2310,0
DA:2329,0
DA:2330,0
DA:2331,0
DA:2332,0
DA:2333,0
DA:2335,0
DA:2337,0
DA:2340,0
DA:2341,0
DA:2342,0
DA:2343,0
DA:2348,0
DA:2349,0
DA:2354,0
DA:2355,0
DA:2356,0
DA:2357,0
DA:2360,0
DA:2361,0
DA:2362,0
DA:2363,0
DA:2364,0
DA:2365,0
DA:2367,0
DA:2381,0
DA:2389,0
DA:2390,0
DA:2395,0
DA:2397,0
DA:2398,0
DA:2399,0
DA:2400,0
DA:2403,0
DA:2414,0
DA:2415,0
DA:2428,0
DA:2439,0
DA:2440,0
DA:2441,0
DA:2442,0
DA:2443,0
DA:2445,0
DA:2448,0
DA:2449,0
DA:2450,0
DA:2457,0
DA:2458,0
DA:2459,0
DA:2462,0
DA:2465,0
DA:2468,0
DA:2469,0
DA:2492,0
DA:2493,0
DA:2494,0
DA:2495,0
DA:2496,0
DA:2497,0
DA:2498,0
DA:2504,0
DA:2505,0
DA:2506,0
DA:2507,0
DA:2508,0
DA:2509,0
DA:2515,0
DA:2516,0
DA:2517,0
DA:2518,0
DA:2519,0
DA:2520,0
DA:2526,0
DA:2527,0
DA:2529,0
LF:814
LH:0
BRDA:4,0,0,0
BRDA:4,0,1,0
BRDA:24,1,0,0
BRDA:24,1,1,0
BRDA:50,2,0,0
BRDA:50,2,1,0
BRDA:53,3,0,0
BRDA:53,3,1,0
BRDA:55,4,0,0
BRDA:55,4,1,0
BRDA:62,5,0,0
BRDA:62,5,1,0
BRDA:62,6,0,0
BRDA:62,6,1,0
BRDA:66,7,0,0
BRDA:66,7,1,0
BRDA:79,8,0,0
BRDA:79,8,1,0
BRDA:81,9,0,0
BRDA:81,9,1,0
BRDA:93,10,0,0
BRDA:93,10,1,0
BRDA:100,11,0,0
BRDA:100,11,1,0
BRDA:107,12,0,0
BRDA:107,12,1,0
BRDA:109,13,0,0
BRDA:109,13,1,0
BRDA:122,14,0,0
BRDA:122,14,1,0
BRDA:123,15,0,0
BRDA:123,15,1,0
BRDA:139,16,0,0
BRDA:139,16,1,0
BRDA:141,17,0,0
BRDA:141,17,1,0
BRDA:147,18,0,0
BRDA:147,18,1,0
BRDA:151,19,0,0
BRDA:151,19,1,0
BRDA:157,20,0,0
BRDA:157,20,1,0
BRDA:159,21,0,0
BRDA:159,21,1,0
BRDA:161,22,0,0
BRDA:161,22,1,0
BRDA:161,23,0,0
BRDA:161,23,1,0
BRDA:175,24,0,0
BRDA:175,24,1,0
BRDA:176,25,0,0
BRDA:176,25,1,0
BRDA:177,26,0,0
BRDA:177,26,1,0
BRDA:178,27,0,0
BRDA:178,27,1,0
BRDA:179,28,0,0
BRDA:179,28,1,0
BRDA:180,29,0,0
BRDA:180,29,1,0
BRDA:181,30,0,0
BRDA:181,30,1,0
BRDA:182,31,0,0
BRDA:182,31,1,0
BRDA:183,32,0,0
BRDA:183,32,1,0
BRDA:184,33,0,0
BRDA:184,33,1,0
BRDA:191,34,0,0
BRDA:191,34,1,0
BRDA:192,35,0,0
BRDA:192,35,1,0
BRDA:193,36,0,0
BRDA:193,36,1,0
BRDA:194,37,0,0
BRDA:194,37,1,0
BRDA:195,38,0,0
BRDA:195,38,1,0
BRDA:211,39,0,0
BRDA:211,39,1,0
BRDA:224,40,0,0
BRDA:224,40,1,0
BRDA:233,41,0,0
BRDA:233,41,1,0
BRDA:234,42,0,0
BRDA:234,42,1,0
BRDA:238,43,0,0
BRDA:238,43,1,0
BRDA:239,44,0,0
BRDA:239,44,1,0
BRDA:243,45,0,0
BRDA:243,45,1,0
BRDA:249,46,0,0
BRDA:249,46,1,0
BRDA:251,47,0,0
BRDA:251,47,1,0
BRDA:260,48,0,0
BRDA:260,48,1,0
BRDA:260,49,0,0
BRDA:260,49,1,0
BRDA:267,50,0,0
BRDA:267,50,1,0
BRDA:268,51,0,0
BRDA:268,51,1,0
BRDA:272,52,0,0
BRDA:272,52,1,0
BRDA:273,53,0,0
BRDA:273,53,1,0
BRDA:277,54,0,0
BRDA:277,54,1,0
BRDA:284,55,0,0
BRDA:284,55,1,0
BRDA:285,56,0,0
BRDA:285,56,1,0
BRDA:285,57,0,0
BRDA:285,57,1,0
BRDA:294,58,0,0
BRDA:294,58,1,0
BRDA:295,59,0,0
BRDA:295,59,1,0
BRDA:299,60,0,0
BRDA:299,60,1,0
BRDA:300,61,0,0
BRDA:300,61,1,0
BRDA:304,62,0,0
BRDA:304,62,1,0
BRDA:305,63,0,0
BRDA:305,63,1,0
BRDA:305,64,0,0
BRDA:305,64,1,0
BRDA:356,65,0,0
BRDA:356,65,1,0
BRDA:372,66,0,0
BRDA:372,66,1,0
BRDA:426,67,0,0
BRDA:426,67,1,0
BRDA:433,68,0,0
BRDA:433,68,1,0
BRDA:462,69,0,0
BRDA:462,69,1,0
BRDA:486,70,0,0
BRDA:486,70,1,0
BRDA:502,71,0,0
BRDA:533,72,0,0
BRDA:533,72,1,0
BRDA:533,73,0,0
BRDA:533,73,1,0
BRDA:535,74,0,0
BRDA:535,74,1,0
BRDA:537,75,0,0
BRDA:537,75,1,0
BRDA:538,76,0,0
BRDA:538,76,1,0
BRDA:539,77,0,0
BRDA:539,77,1,0
BRDA:540,78,0,0
BRDA:540,78,1,0
BRDA:549,79,0,0
BRDA:549,79,1,0
BRDA:558,80,0,0
BRDA:558,80,1,0
BRDA:577,81,0,0
BRDA:577,81,1,0
BRDA:577,82,0,0
BRDA:577,82,1,0
BRDA:579,83,0,0
BRDA:579,83,1,0
BRDA:580,84,0,0
BRDA:580,84,1,0
BRDA:587,85,0,0
BRDA:587,85,1,0
BRDA:588,86,0,0
BRDA:588,86,1,0
BRDA:589,87,0,0
BRDA:589,87,1,0
BRDA:597,88,0,0
BRDA:597,88,1,0
BRDA:601,89,0,0
BRDA:601,89,1,0
BRDA:605,90,0,0
BRDA:605,90,1,0
BRDA:624,91,0,0
BRDA:624,91,1,0
BRDA:635,92,0,0
BRDA:635,92,1,0
BRDA:642,93,0,0
BRDA:642,93,1,0
BRDA:643,94,0,0
BRDA:643,94,1,0
BRDA:646,95,0,0
BRDA:646,95,1,0
BRDA:647,96,0,0
BRDA:647,96,1,0
BRDA:650,97,0,0
BRDA:650,97,1,0
BRDA:651,98,0,0
BRDA:651,98,1,0
BRDA:658,99,0,0
BRDA:658,99,1,0
BRDA:661,100,0,0
BRDA:661,100,1,0
BRDA:667,101,0,0
BRDA:667,101,1,0
BRDA:667,102,0,0
BRDA:667,102,1,0
BRDA:671,103,0,0
BRDA:671,103,1,0
BRDA:685,104,0,0
BRDA:685,104,1,0
BRDA:713,105,0,0
BRDA:713,105,1,0
BRDA:713,106,0,0
BRDA:713,106,1,0
BRDA:744,107,0,0
BRDA:744,107,1,0
BRDA:749,108,0,0
BRDA:749,108,1,0
BRDA:753,109,0,0
BRDA:753,109,1,0
BRDA:773,110,0,0
BRDA:773,110,1,0
BRDA:783,111,0,0
BRDA:783,111,1,0
BRDA:787,112,0,0
BRDA:787,112,1,0
BRDA:800,113,0,0
BRDA:800,113,1,0
BRDA:807,114,0,0
BRDA:807,114,1,0
BRDA:830,115,0,0
BRDA:830,115,1,0
BRDA:846,116,0,0
BRDA:846,116,1,0
BRDA:854,117,0,0
BRDA:854,117,1,0
BRDA:862,118,0,0
BRDA:862,118,1,0
BRDA:870,119,0,0
BRDA:870,119,1,0
BRDA:879,120,0,0
BRDA:879,120,1,0
BRDA:973,121,0,0
BRDA:973,121,1,0
BRDA:973,122,0,0
BRDA:973,122,1,0
BRDA:973,122,2,0
BRDA:973,122,3,0
BRDA:973,122,4,0
BRDA:973,122,5,0
BRDA:973,122,6,0
BRDA:973,122,7,0
BRDA:973,122,8,0
BRDA:973,122,9,0
BRDA:980,123,0,0
BRDA:980,123,1,0
BRDA:981,124,0,0
BRDA:981,124,1,0
BRDA:983,125,0,0
BRDA:983,125,1,0
BRDA:983,126,0,0
BRDA:983,126,1,0
BRDA:983,126,2,0
BRDA:988,127,0,0
BRDA:988,127,1,0
BRDA:988,128,0,0
BRDA:988,128,1,0
BRDA:988,128,2,0
BRDA:1001,129,0,0
BRDA:1001,129,1,0
BRDA:1002,130,0,0
BRDA:1002,130,1,0
BRDA:1003,131,0,0
BRDA:1003,131,1,0
BRDA:1004,132,0,0
BRDA:1004,132,1,0
BRDA:1005,133,0,0
BRDA:1005,133,1,0
BRDA:1033,134,0,0
BRDA:1033,134,1,0
BRDA:1036,135,0,0
BRDA:1036,135,1,0
BRDA:1039,136,0,0
BRDA:1039,136,1,0
BRDA:1060,137,0,0
BRDA:1060,137,1,0
BRDA:1072,138,0,0
BRDA:1072,138,1,0
BRDA:1074,139,0,0
BRDA:1074,139,1,0
BRDA:1093,140,0,0
BRDA:1093,140,1,0
BRDA:1096,141,0,0
BRDA:1096,141,1,0
BRDA:1096,142,0,0
BRDA:1096,142,1,0
BRDA:1102,143,0,0
BRDA:1102,143,1,0
BRDA:1102,144,0,0
BRDA:1102,144,1,0
BRDA:1103,145,0,0
BRDA:1103,145,1,0
BRDA:1118,146,0,0
BRDA:1118,146,1,0
BRDA:1120,147,0,0
BRDA:1120,147,1,0
BRDA:1125,148,0,0
BRDA:1125,148,1,0
BRDA:1126,149,0,0
BRDA:1126,149,1,0
BRDA:1128,150,0,0
BRDA:1128,150,1,0
BRDA:1134,151,0,0
BRDA:1134,151,1,0
BRDA:1134,152,0,0
BRDA:1134,152,1,0
BRDA:1183,153,0,0
BRDA:1183,153,1,0
BRDA:1196,154,0,0
BRDA:1196,154,1,0
BRDA:1209,155,0,0
BRDA:1209,155,1,0
BRDA:1221,156,0,0
BRDA:1221,156,1,0
BRDA:1228,157,0,0
BRDA:1228,157,1,0
BRDA:1299,158,0,0
BRDA:1299,158,1,0
BRDA:1328,159,0,0
BRDA:1328,159,1,0
BRDA:1337,160,0,0
BRDA:1337,160,1,0
BRDA:1348,161,0,0
BRDA:1348,161,1,0
BRDA:1348,162,0,0
BRDA:1348,162,1,0
BRDA:1354,163,0,0
BRDA:1354,163,1,0
BRDA:1354,164,0,0
BRDA:1354,164,1,0
BRDA:1679,165,0,0
BRDA:1679,165,1,0
BRDA:1683,166,0,0
BRDA:1683,166,1,0
BRDA:1690,167,0,0
BRDA:1690,167,1,0
BRDA:1710,168,0,0
BRDA:1710,168,1,0
BRDA:1717,169,0,0
BRDA:1717,169,1,0
BRDA:1723,170,0,0
BRDA:1723,170,1,0
BRDA:1723,171,0,0
BRDA:1723,171,1,0
BRDA:1730,172,0,0
BRDA:1730,172,1,0
BRDA:1744,173,0,0
BRDA:1744,173,1,0
BRDA:1744,174,0,0
BRDA:1744,174,1,0
BRDA:1744,174,2,0
BRDA:1744,174,3,0
BRDA:1763,175,0,0
BRDA:1763,175,1,0
BRDA:1769,176,0,0
BRDA:1769,176,1,0
BRDA:1770,177,0,0
BRDA:1770,177,1,0
BRDA:1771,178,0,0
BRDA:1771,178,1,0
BRDA:1772,179,0,0
BRDA:1772,179,1,0
BRDA:1785,180,0,0
BRDA:1785,180,1,0
BRDA:1787,181,0,0
BRDA:1787,181,1,0
BRDA:1811,182,0,0
BRDA:1811,182,1,0
BRDA:1818,183,0,0
BRDA:1818,183,1,0
BRDA:1823,184,0,0
BRDA:1823,184,1,0
BRDA:1823,185,0,0
BRDA:1823,185,1,0
BRDA:1824,186,0,0
BRDA:1824,186,1,0
BRDA:1824,187,0,0
BRDA:1824,187,1,0
BRDA:1825,188,0,0
BRDA:1825,188,1,0
BRDA:1825,189,0,0
BRDA:1825,189,1,0
BRDA:1829,190,0,0
BRDA:1829,190,1,0
BRDA:1829,191,0,0
BRDA:1829,191,1,0
BRDA:1850,192,0,0
BRDA:1850,192,1,0
BRDA:1851,193,0,0
BRDA:1851,193,1,0
BRDA:1852,194,0,0
BRDA:1852,194,1,0
BRDA:1853,195,0,0
BRDA:1853,195,1,0
BRDA:1859,196,0,0
BRDA:1859,196,1,0
BRDA:1860,197,0,0
BRDA:1860,197,1,0
BRDA:1863,198,0,0
BRDA:1863,198,1,0
BRDA:1871,199,0,0
BRDA:1871,199,1,0
BRDA:1937,200,0,0
BRDA:1937,200,1,0
BRDA:1938,201,0,0
BRDA:1938,201,1,0
BRDA:1939,202,0,0
BRDA:1939,202,1,0
BRDA:1940,203,0,0
BRDA:1940,203,1,0
BRDA:1945,204,0,0
BRDA:1945,204,1,0
BRDA:1946,205,0,0
BRDA:1946,205,1,0
BRDA:1960,206,0,0
BRDA:1960,206,1,0
BRDA:1967,207,0,0
BRDA:1967,207,1,0
BRDA:1976,208,0,0
BRDA:1976,208,1,0
BRDA:2014,209,0,0
BRDA:2014,209,1,0
BRDA:2027,210,0,0
BRDA:2027,210,1,0
BRDA:2039,211,0,0
BRDA:2039,211,1,0
BRDA:2049,212,0,0
BRDA:2049,212,1,0
BRDA:2049,213,0,0
BRDA:2049,213,1,0
BRDA:2051,214,0,0
BRDA:2051,214,1,0
BRDA:2051,214,2,0
BRDA:2059,215,0,0
BRDA:2059,215,1,0
BRDA:2059,216,0,0
BRDA:2059,216,1,0
BRDA:2108,217,0,0
BRDA:2108,217,1,0
BRDA:2110,218,0,0
BRDA:2110,218,1,0
BRDA:2110,219,0,0
BRDA:2110,219,1,0
BRDA:2116,220,0,0
BRDA:2116,220,1,0
BRDA:2123,221,0,0
BRDA:2123,221,1,0
BRDA:2125,222,0,0
BRDA:2125,222,1,0
BRDA:2127,223,0,0
BRDA:2127,223,1,0
BRDA:2132,224,0,0
BRDA:2132,224,1,0
BRDA:2140,225,0,0
BRDA:2140,225,1,0
BRDA:2141,226,0,0
BRDA:2141,226,1,0
BRDA:2142,227,0,0
BRDA:2142,227,1,0
BRDA:2143,228,0,0
BRDA:2143,228,1,0
BRDA:2146,229,0,0
BRDA:2146,229,1,0
BRDA:2148,230,0,0
BRDA:2148,230,1,0
BRDA:2161,231,0,0
BRDA:2161,231,1,0
BRDA:2165,232,0,0
BRDA:2165,232,1,0
BRDA:2170,233,0,0
BRDA:2170,233,1,0
BRDA:2171,234,0,0
BRDA:2171,234,1,0
BRDA:2172,235,0,0
BRDA:2172,235,1,0
BRDA:2174,236,0,0
BRDA:2174,236,1,0
BRDA:2203,237,0,0
BRDA:2203,237,1,0
BRDA:2220,238,0,0
BRDA:2220,238,1,0
BRDA:2220,239,0,0
BRDA:2220,239,1,0
BRDA:2223,240,0,0
BRDA:2223,240,1,0
BRDA:2236,241,0,0
BRDA:2236,241,1,0
BRDA:2236,242,0,0
BRDA:2236,242,1,0
BRDA:2243,243,0,0
BRDA:2243,243,1,0
BRDA:2256,244,0,0
BRDA:2256,244,1,0
BRDA:2257,245,0,0
BRDA:2257,245,1,0
BRDA:2281,246,0,0
BRDA:2281,246,1,0
BRDA:2287,247,0,0
BRDA:2287,247,1,0
BRDA:2292,248,0,0
BRDA:2292,248,1,0
BRDA:2304,249,0,0
BRDA:2304,249,1,0
BRDA:2305,250,0,0
BRDA:2305,250,1,0
BRDA:2306,251,0,0
BRDA:2306,251,1,0
BRDA:2307,252,0,0
BRDA:2307,252,1,0
BRDA:2330,253,0,0
BRDA:2330,253,1,0
BRDA:2354,254,0,0
BRDA:2354,254,1,0
BRDA:2355,255,0,0
BRDA:2355,255,1,0
BRDA:2370,256,0,0
BRDA:2370,256,1,0
BRDA:2373,257,0,0
BRDA:2373,257,1,0
BRDA:2399,258,0,0
BRDA:2399,258,1,0
BRDA:2440,259,0,0
BRDA:2440,259,1,0
BRDA:2443,260,0,0
BRDA:2443,260,1,0
BRDA:2449,261,0,0
BRDA:2449,261,1,0
BRDA:2468,262,0,0
BRDA:2468,262,1,0
BRDA:2493,263,0,0
BRDA:2493,263,1,0
BRDA:2497,264,0,0
BRDA:2497,264,1,0
BRDA:2507,265,0,0
BRDA:2507,265,1,0
BRDA:2518,266,0,0
BRDA:2518,266,1,0
BRF:546
BRH:0
end_of_record
